<?xml version="1.0" encoding="UTF-8"?>
<!-- Generated by org.testng.reporters.JUnitReportReporter -->
<testsuite skipped="0" hostname="BLRKEC103576L" name="testExpense.BaseExpenseTest" tests="11" failures="0" timestamp="26 May 2019 21:44:10 GMT" time="48.884" errors="0">
  <testcase name="addMyCategoryTypes" time="1.426" classname="testExpense.BaseExpenseTest"/>
  <testcase name="addMyCategoryTypes" time="2.269" classname="testExpense.BaseExpenseTest"/>
  <testcase name="addAUser" time="1.692" classname="testExpense.BaseExpenseTest"/>
  <testcase name="addMyCategoryTypes" time="5.844" classname="testExpense.BaseExpenseTest"/>
  <testcase name="addMyCategoryTypes" time="3.365" classname="testExpense.BaseExpenseTest"/>
  <testcase name="addMyExpenses" time="1.471" classname="testExpense.BaseExpenseTest"/>
  <testcase name="deleteMyExpense" time="0.832" classname="testExpense.BaseExpenseTest"/>
  <testcase name="addMyExpenses" time="1.310" classname="testExpense.BaseExpenseTest"/>
  <testcase name="deleteMyCategory" time="3.457" classname="testExpense.BaseExpenseTest"/>
  <testcase name="addMyCategoryTypes" time="2.505" classname="testExpense.BaseExpenseTest"/>
  <testcase name="addMyExpenses" time="24.713" classname="testExpense.BaseExpenseTest"/>
</testsuite> <!-- testExpense.BaseExpenseTest -->
